<?xml version="1.0" encoding="UTF-8"?>
<testng-results skipped="0" failed="0" ignored="0" total="2" passed="2">
  <reporter-output>
  </reporter-output>
  <suite name="Suite" duration-ms="40161" started-at="2018-05-09T08:42:30Z" finished-at="2018-05-09T08:43:10Z">
    <groups>
    </groups>
    <test name="Test" duration-ms="40161" started-at="2018-05-09T08:42:30Z" finished-at="2018-05-09T08:43:10Z">
      <class name="testPackage.TestClass">
        <test-method status="PASS" signature="testInit()[pri:0, instance:testPackage.TestClass@7cd62f43]" name="testInit" is-config="true" duration-ms="256" started-at="2018-05-09T08:42:30Z" finished-at="2018-05-09T08:42:30Z">
          <reporter-output>
          </reporter-output>
        </test-method> <!-- testInit -->
        <test-method status="PASS" signature="setUpTest(java.lang.reflect.Method)[pri:0, instance:testPackage.TestClass@7cd62f43]" name="setUpTest" is-config="true" duration-ms="19385" started-at="2018-05-09T08:42:30Z" finished-at="2018-05-09T08:42:50Z">
          <params>
            <param index="0">
              <value>
                <![CDATA[public void testPackage.TestClass.UserStory1() throws java.awt.HeadlessException,java.awt.AWTException,java.io.IOException]]>
              </value>
            </param>
          </params>
          <reporter-output>
          </reporter-output>
        </test-method> <!-- setUpTest -->
        <test-method status="PASS" signature="UserStory1()[pri:0, instance:testPackage.TestClass@7cd62f43]" name="UserStory1" duration-ms="3435" started-at="2018-05-09T08:42:50Z" description="Test to validate price reminder when no price is entered" finished-at="2018-05-09T08:42:53Z">
          <reporter-output>
          </reporter-output>
        </test-method> <!-- UserStory1 -->
        <test-method status="PASS" signature="tearDownTest(org.testng.ITestResult)[pri:0, instance:testPackage.TestClass@7cd62f43]" name="tearDownTest" is-config="true" duration-ms="768" started-at="2018-05-09T08:42:53Z" finished-at="2018-05-09T08:42:54Z">
          <params>
            <param index="0">
              <value>
                <![CDATA[[TestResult name=UserStory1 status=SUCCESS method=TestClass.UserStory1()[pri:0, instance:testPackage.TestClass@7cd62f43] output={null}]]]>
              </value>
            </param>
          </params>
          <reporter-output>
          </reporter-output>
        </test-method> <!-- tearDownTest -->
        <test-method status="PASS" signature="setUpTest(java.lang.reflect.Method)[pri:0, instance:testPackage.TestClass@7cd62f43]" name="setUpTest" is-config="true" duration-ms="11258" started-at="2018-05-09T08:42:54Z" finished-at="2018-05-09T08:43:05Z">
          <params>
            <param index="0">
              <value>
                <![CDATA[public void testPackage.TestClass.UserStory2() throws java.awt.HeadlessException,java.awt.AWTException,java.io.IOException]]>
              </value>
            </param>
          </params>
          <reporter-output>
          </reporter-output>
        </test-method> <!-- setUpTest -->
        <test-method status="PASS" signature="UserStory2()[pri:0, instance:testPackage.TestClass@7cd62f43]" name="UserStory2" duration-ms="3603" started-at="2018-05-09T08:43:05Z" description="Test to validate the EMI feature with different tenure and interest rate" finished-at="2018-05-09T08:43:09Z">
          <reporter-output>
          </reporter-output>
        </test-method> <!-- UserStory2 -->
        <test-method status="PASS" signature="tearDownTest(org.testng.ITestResult)[pri:0, instance:testPackage.TestClass@7cd62f43]" name="tearDownTest" is-config="true" duration-ms="725" started-at="2018-05-09T08:43:09Z" finished-at="2018-05-09T08:43:10Z">
          <params>
            <param index="0">
              <value>
                <![CDATA[[TestResult name=UserStory2 status=SUCCESS method=TestClass.UserStory2()[pri:0, instance:testPackage.TestClass@7cd62f43] output={null}]]]>
              </value>
            </param>
          </params>
          <reporter-output>
          </reporter-output>
        </test-method> <!-- tearDownTest -->
        <test-method status="PASS" signature="clearUp()[pri:0, instance:testPackage.TestClass@7cd62f43]" name="clearUp" is-config="true" duration-ms="706" started-at="2018-05-09T08:43:10Z" finished-at="2018-05-09T08:43:10Z">
          <reporter-output>
          </reporter-output>
        </test-method> <!-- clearUp -->
      </class> <!-- testPackage.TestClass -->
    </test> <!-- Test -->
  </suite> <!-- Suite -->
</testng-results>
